85a60731321818767105638a72666c1a:0000 SYSTEM: -----------------------------------------------
09624869046a4ab5267c48a332a5c73c:0001 SYSTEM: Chat Log initialized.
48e60bba5197b964d8faef902c48e2bb:0002 SYSTEM: File ID = bda942abdadf6e36c4e3bbbab5bd73fe
5e44a9a930edb4b28868e15720024efe:0003 SYSTEM: -----------------------------------------------
c9db6236267b788412c4d1ae11bddf31:0004 SYSTEM: Tokyo Sexwale Entered 'Heroes' Server
8d6407d00d89a6a180105c2e38fdef8f:0005 (Guild) Guild Motd:
bf0bbc230dfa36ac6985d0b387ddbda5:0006 (Guild) My Quota: 2 summons a day from me
c0af7ba1a78bd524ea9b406d599f0af1:0007 (Guild) Tokyo Sexwale is now online.
0077d1a077c16e8335bd45a6b6c9849e:0008 () You are encumbered.
a3bffe994fa3079a8afc63ac11b8d3a8:0009 (Say) Welcome to your private banker!
671898ad5fe843b75d70b4ace0370606:0010 (Say) Logout Timer: 10 seconds left
8d81a51b29d8f8600969a26dd129ef3e:0011 (Say) Logout Timer: 5 seconds left
2c7ccf2025afd58f687b03f48fe04aa8:0012 (Say) Logout Timer: 4 seconds left
a2e940d342c0876bf8c13e527d4ccc03:0013 (Say) Logout Timer: 3 seconds left
83c0cc2089c1d0473b47f340eb760f07:0014 (Say) Logout Timer: 2 seconds left
767ac2af71fe3cdada68cffaed022aad:0015 (Say) Logout Timer: 1 seconds left
9631797b445bd323abb0c2618da5aa01:0016 (Guild) Tokyo Sexwale is now offline.
40d3fb2a050a40dae73a152e5330e7ee:0017 SYSTEM:  Left the '' Server
54e8acb01bcbc4ac02e656679a9a748d:0018 SYSTEM:  Left the '' Server
60747d9e94b992f0303e26623d70b374:0019 SYSTEM: Chat Log Closed.
f20782297d0d555f13ea2d7cac8f7463:0020 SYSTEM: -----------------------------------------------
85a60731321818767105638a72666c1a:0000 SYSTEM: -----------------------------------------------
09624869046a4ab5267c48a332a5c73c:0001 SYSTEM: Chat Log initialized.
48e60bba5197b964d8faef902c48e2bb:0002 SYSTEM: File ID = bda942abdadf6e36c4e3bbbab5bd73fe
5e44a9a930edb4b28868e15720024efe:0003 SYSTEM: -----------------------------------------------
c9db6236267b788412c4d1ae11bddf31:0004 SYSTEM: Tokyo Sexwale Entered 'Heroes' Server
8d6407d00d89a6a180105c2e38fdef8f:0005 (Guild) Guild Motd:
bf0bbc230dfa36ac6985d0b387ddbda5:0006 (Guild) My Quota: 2 summons a day from me
c0af7ba1a78bd524ea9b406d599f0af1:0007 (Guild) Tokyo Sexwale is now online.
0077d1a077c16e8335bd45a6b6c9849e:0008 () You are encumbered.
a3bffe994fa3079a8afc63ac11b8d3a8:0009 (Say) Welcome to your private banker!
a1691c629c3f4ea0a8e71e62cef6c109:0010 (Say) Welcome to your private banker!
b40202329979d58b08f5d7a80395f144:0011 (Guild) Dildano is now offline.
af27f54d403f311c9bc868c43bcb83e0:0012 (Guild) Dildano is now online.
29de4c40b0ac02059a13d759751c5ea5:0013 (Say) Prayer Book of Kuthos was displaced by your Deathly Creators' Grimoire.
3109dfdae72c37a28f54c141f4d7e371:0014 (Say) Deathly Creators' Grimoire was displaced by your Prayer Book of Kuthos.
ee8d01b41bcdf5b6344ca56839a962af:0015 (Combat/Magic) You enchant 10 Plank.
1290a5cdc9bbf987eb9bf04e7621ac57:0016 (Combat/Magic) You enchant 10 Plank.
6ae6556c7685b01a94a8f3e1af7ec565:0017 (Combat/Magic) You enchant 10 Plank.
6f9d157bf189992c2172a1234a94f575:0018 (Combat/Magic) You enchant 10 Plank.
750ca76a5f34508998f7e84240091437:0019 (Combat/Magic) You enchant 10 Plank.
bc8657bcc6268a702c5419e50c915250:0020 (Combat/Magic) You enchant 10 Plank.
f03523b8b7c4dceaab56b3e048966c67:0021 (Say) The effect from your food has faded.
36dad1a3a5f37296b46f92a31f525d49:0022 (Say) You eat the Pecan Pie Slice.
efce7e7914d44b5f8d96dc3137649902:0023 (Say) The effect from your food has faded.
19cd214b0cdc75a19322a9be95451e9c:0024 (Say) The effect from your food has faded.
63989516065ec544e2ba6c4269083d92:0025 (Say) Eating the food increases your Strength, Dexterity and Stamina Regeneration!
535d1bcde21c85ed71f58a8548e9c8fe:0026 (Combat/Magic) You enchant 10 Plank.
b2017a3b9bc8ee162635b7b34097cd9e:0027 (Combat/Magic) You enchant 10 Plank.
66247b1a34c349b3fbe0b792df9a2428:0028 (Combat/Magic) You enchant 10 Plank.
f322241813f09e468d19d347f8800d6a:0029 (Combat/Magic) You enchant 10 Plank.
c92c3c97114b8b041558580b3d9a9ed0:0030 (Combat/Magic) You enchant 10 Plank.
bd520e2be3b4fc227fd9729de713cae1:0031 (Combat/Magic) You enchant 10 Plank.
c9b6d27588395f56899fbe01dc91525d:0032 (Combat/Magic) Your Enchant Wood has fizzled destroying your resource.
0d5026d41a68b533691a75d115bef757:0033 (Combat/Magic) You enchant 10 Plank.
76dd2c0a91c2f3693394af8d4e3e73b0:0034 (Combat/Magic) You enchant 10 Plank.
ef187e7166b02f195ca5c752ffb5938c:0035 (Combat/Magic) Your Enchant Wood has fizzled destroying your resource.
6b60cc4f27a446600c44c75e7b2f9c03:0036 (Combat/Magic) You enchant 10 Plank.
ae1212f6f726fd1994f76c9be1aeede8:0037 (Combat/Magic) You enchant 10 Plank.
5cf713d23b3a5121ca97f1bb8dabff30:0038 (Combat/Magic) You enchant 10 Plank.
73630f7fff0cfbae7fe99cc3bb674795:0039 (Combat/Magic) You enchant 10 Plank.
c460ea0d9f40e97f4abc4ac585c28f14:0040 (Combat/Magic) You enchant 10 Plank.
eaa6e98cd9f7b610681b3b30d12f4315:0041 (Combat/Magic) Your Enchant Wood has fizzled destroying your resource.
8a3212421e86f0a5dafb4a5f0182b2a3:0042 (Combat/Magic) You enchant 10 Plank.
ec0fdc557daafbec7a67b8edbd9aeabd:0043 (Combat/Magic) You enchant 10 Plank.
b747e44cce5d57af3c34b2ca5199fe6e:0044 (Combat/Magic) You enchant 10 Plank.
1dd5e48c9776ae5120e5b690f601dbcf:0045 (Combat/Magic) You enchant 10 Plank.
bd0857db8f05a654e1cb52cadc8894cc:0046 (Combat/Magic) You enchant 10 Plank.
4661e6304caa39850b13dd44cfd19d7b:0047 (Combat/Magic) You enchant 10 Plank.
a16117d97ed11a47584f87ed0fe7ace2:0048 (Combat/Magic) You enchant 10 Plank.
bb63196611488005ddecc9fb06de2422:0049 (Combat/Magic) You enchant 10 Plank.
f0c5c0150d426079e7b153a75ad94fb3:0050 (Combat/Magic) You enchant 10 Plank.
02554185b672569ccc859b22e2e78e81:0051 (Combat/Magic) You enchant 10 Plank.
78c017245254a47bda1e37a6043f4f6c:0052 (Combat/Magic) You enchant 10 Plank.
4fc7c4e68c47920f62e5e18759dfb749:0053 (Combat/Magic) You enchant 10 Plank.
c0b3d11ef1d017d31b21e1a4076ca083:0054 (Combat/Magic) You enchant 10 Plank.
91ce8457785e46dd9c87efb2cc7ca291:0055 (Combat/Magic) You enchant 10 Plank.
97d50c90b18450a75b700c16cc949cce:0056 (Combat/Magic) You enchant 10 Plank.
ab4599cebcffee984bf2edcd649691b4:0057 (Combat/Magic) You enchant 10 Plank.
445592cf8841bf4861d0da9daa0b85e7:0058 (Combat/Magic) You enchant 10 Plank.
8b6c6a93ca196961e329f0f549bf661a:0059 (Combat/Magic) You enchant 10 Plank.
76bbe4817991cf62611f8d3e9c5a6836:0060 (Combat/Magic) You enchant 10 Plank.
93eccdfd2f7e0ce08100d662919fed33:0061 (Combat/Magic) You enchant 10 Plank.
35d33c35a80a53d516255a53311d5254:0062 (Combat/Magic) You enchant 10 Plank.
1f2f654395c4acd92d179e67cc4175a1:0063 (Combat/Magic) You enchant 10 Plank.
438bbb033de32ea276009686c7786566:0064 (Combat/Magic) You enchant 10 Plank.
97c69965d520c668b1b5c536f9450324:0065 (Combat/Magic) You enchant 10 Plank.
783be76daaf7103e4345d525139494dc:0066 (Combat/Magic) You enchant 10 Plank.
c468e36dfbd466ba468e527fc5fcff86:0067 (Combat/Magic) You enchant 10 Plank.
c8aa6221193f7b74348139e54ad4805a:0068 (Combat/Magic) You enchant 10 Plank.
595ace2b22294dc749a1ac710df780a8:0069 (Combat/Magic) You enchant 10 Plank.
b42a4eb0909bf3ce3768cd1355d0635b:0070 (Combat/Magic) You enchant 10 Plank.
42ad6a56636fb4c76f68bc2525bddeb7:0071 (Combat/Magic) You enchant 10 Plank.
2ad3ff1c056788503c8542f41c9bc9c1:0072 (Combat/Magic) You enchant 10 Plank.
765806dfb42fd1b9ef09fa60691fe26e:0073 (Combat/Magic) You enchant 10 Plank.
d07c2c98cfeb690123dab21e31af035a:0074 (Combat/Magic) You enchant 10 Plank.
2967e222a32104b7bd1cb8481075f176:0075 (Combat/Magic) You enchant 10 Plank.
4a59ddd72880dab9132487c61976b276:0076 (Combat/Magic) You enchant 10 Plank.
50ba3b8293bd7bef651702c09fd3df0a:0077 (Combat/Magic) You enchant 10 Plank.
79da8b3c42b204a9dcc5092f8c85fe99:0078 (Combat/Magic) You enchant 10 Plank.
a7c61f33a1a39777c6b94e61d0036498:0079 (Combat/Magic) You enchant 10 Plank.
686786f1eb95b944af022052ee80e552:0080 (Combat/Magic) You enchant 10 Plank.
0b527e68ff0f143bb249fc56e7581439:0081 (Combat/Magic) You enchant 10 Plank.
3d37949e9e05c70edebe1090b6e9d3bf:0082 (Combat/Magic) You enchant 10 Plank.
ccd93329a116fe37225f52810b5dd624:0083 (Combat/Magic) You enchant 10 Plank.
0b6b09f0add8507a7001b665deafcf57:0084 (Combat/Magic) You enchant 10 Plank.
732a82982e3f62f65e1d8246f049d1b3:0085 (Combat/Magic) You enchant 10 Plank.
03b10002e85eb59b55ad7fde9fec4eb2:0086 (Combat/Magic) You enchant 10 Plank.
1127a927a5dfb284dfd52d60b390445b:0087 (Combat/Magic) You enchant 10 Plank.
3010dfefe2afe40c471a01adeb755b29:0088 (Combat/Magic) You enchant 10 Plank.
9d1448c6584346ea664ec93761f30718:0089 (Combat/Magic) You enchant 10 Plank.
b727579dd0fd5e0f4dc6845c6a137191:0090 (Combat/Magic) Your Enchant Wood has fizzled destroying your resource.
6e6001359532d53149b72fdab8eb1d4b:0091 (Combat/Magic) You enchant 10 Plank.
05c47ca9b8e3f3f648a4f69775862b4f:0092 (Combat/Magic) You enchant 10 Plank.
a1f22bbd06bc83ef3e23a36242325149:0093 (Combat/Magic) You enchant 10 Plank.
67ce5cc410845753fa9a718a5e5e6efc:0094 (Combat/Magic) You enchant 10 Plank.
720761162608c6729b58755154e64e16:0095 (Combat/Magic) You enchant 10 Plank.
949247667211cfad77c312e10e3e8dc0:0096 (Combat/Magic) You enchant 10 Plank.
9f9d5c8e4d01b7c0482e33953fbb3e47:0097 (Combat/Magic) You enchant 10 Plank.
8c87b3895e816fc77c67af77cf723312:0098 (Combat/Magic) You enchant 10 Plank.
c454101146daac0ab5944047d8bf1ee7:0099 (Combat/Magic) You enchant 10 Plank.
f3291f9c39cec3b8bd2d38ff50b2dfca:0100 (Combat/Magic) You enchant 10 Plank.
d4acc63aeafca2c23127a47e876b5730:0101 (Combat/Magic) You enchant 10 Plank.
ad86f9493eb1001783a163d71921df36:0102 (Combat/Magic) Your Enchant Wood has fizzled destroying your resource.
6769da4b737d93bee120311aa152b804:0103 (Combat/Magic) Your Enchant Wood has fizzled destroying your resource.
e2e03133e79abc249aabddc6bf4ab301:0104 (Combat/Magic) You enchant 10 Plank.
496defd2ef8eec4659331da4701d86a2:0105 (Combat/Magic) You enchant 10 Plank.
4d02d34e2da3421b52d66712f0ac92f3:0106 (Combat/Magic) You enchant 10 Plank.
ba781bddc8e0580709e83c3648d89ddf:0107 (Combat/Magic) You enchant 10 Plank.
db302205123a0a4fe8c390ef32215c4b:0108 (Combat/Magic) You enchant 10 Plank.
0d54e330f7f12167d5c3cf845038d193:0109 (Combat/Magic) You enchant 10 Plank.
5dca8ac44854562334b49cb343bf737b:0110 (Combat/Magic) You enchant 10 Plank.
a24a017a83e1a466ef7c1e113ae47f4c:0111 (Combat/Magic) You enchant 10 Plank.
ceaf7f404340ded11f4e5a5f9deb236f:0112 (Combat/Magic) You enchant 10 Plank.
eed865266f70c642002f86d0f3bc026b:0113 (Combat/Magic) You enchant 10 Plank.
8f5aefcb0bc7acb1b163490efbbe69f2:0114 (Combat/Magic) You enchant 10 Plank.
420fa81215a5e474fa69a4ae32e044db:0115 (Combat/Magic) You enchant 10 Plank.
2eb2b696512a8cf0c53b89fe9a542959:0116 (Combat/Magic) You enchant 10 Plank.
960bdade37e391e49742ba8b8ae6fbf6:0117 (Combat/Magic) You enchant 10 Plank.
f16340a3bb85871ed5460fc9ff61f060:0118 (Combat/Magic) You enchant 10 Plank.
1828d9a898c945e07ed526b38fcb85a7:0119 (Combat/Magic) You enchant 10 Plank.
cc436810d7e15f81f360af89f4b06c78:0120 (Combat/Magic) You enchant 10 Plank.
94e2c412b80ee3772708b346d55ca14a:0121 (Combat/Magic) Your Enchant Wood has fizzled destroying your resource.
a595259e27fff79cafbf1941903c0697:0122 (Guild) Hotblack Desiato is now offline.
f41210334cc6373f15899cf039d20e58:0123 (User) (covid) Hotblack Desiato has left the [covid] channel.
b933e365680bdb3e415a6e9e2d5e620a:0124 (Say) The effect from your food has faded.
e3754df866c8c1119d7ee042d41360a6:0125 (Say) The effect from your food has faded.
35e1f1b3dcbde7a567ef40498c656a26:0126 (Say) The effect from your food has faded.
4dec5b5b7a02ee460da84fc59ebf65ab:0127 (Guild) Horselover Fat is now online.
b57a1d81f6d3c3623653fb4a1ab44b64:0128 (Guild) Horselover Fat is now offline.
6a237789fb2e99aac1f6e191f6de5d86:0129 (User) (covid) Klaatu has joined the [covid] channel.
f9db0ae3162591e8939327e8aaed5617:0130 (Guild) Biffa Bacon is now online.
569c2172020c027da9044010a5a6f3bf:0131 (User) (covid) Klaatu has left the [covid] channel.
06ae94e21c48f7b5e27bff3b82c95461:0132 (Guild) Biffa Bacon is now offline.
6106dc53af85c7636be2905ae0381d4a:0133 (Say) Logout Timer: 10 seconds left
8aa920b52774d6728479e1cc33d9d8d7:0134 (Say) Logout Timer: 5 seconds left
e2a0426fa75914048a084873e7d527e6:0135 (Say) Logout Timer: 4 seconds left
79d851f870a255f33fa1d65fb23bdd5c:0136 (Say) Logout Timer: 3 seconds left
122b70807480ca34502ea55b6149fe9e:0137 (Say) Logout Timer: 2 seconds left
39a57a3580aa0b6e5dbce3a00cef1f4e:0138 (Say) Logout Timer: 1 seconds left
69baa3b7c709a16e2eaf4688cafa7a37:0139 (Guild) Tokyo Sexwale is now offline.
a8b8b175dc00a2199dda6137f81dc7c2:0140 SYSTEM: Robert Mugabe Entered 'Heroes' Server
eba0de2cf95d2fb99960b07c6339f121:0141 (Guild) Guild Motd:
ef457d2a55c0faa2e88941b6f8524ac3:0142 (Guild) My Quota: 2 summons a day from me
ea09f224a3499ebe0035ad1f2cc56df8:0143 (Guild) Robert Mugabe is now online.
60a7c5c8fb0d77f737f19c580233d0d2:0144 () You are encumbered.
3d9c72005b5dced77ae890d882cb425a:0145 (Say) Logout Timer: 10 seconds left
5d4d9bc4e7abfc566097e89e9dac4b02:0146 (Say) Logout Timer: 5 seconds left
76cb0187baf247f071a4e34309bd3876:0147 (Say) Logout Timer: 4 seconds left
baa6044c0119ce37bbbeceba15ab6baa:0148 (Say) Logout Timer: 3 seconds left
f114a7eb64bc4f760b5e2a988e6bbcd0:0149 (Say) Logout Timer: 2 seconds left
8677b3d734f3779c552a2a8abf5c5a1b:0150 (Say) Logout Timer: 1 seconds left
5bfdccf3d54432110523a01049bef10e:0151 (Guild) Robert Mugabe is now offline.
1d04c2cc73429fa7c5503268a2d04213:0152 SYSTEM:  Left the '' Server
131428ce46581d6fed3f201f2d105af9:0153 SYSTEM:  Left the '' Server
11f31bef21b35939c7a9cdf3fcf67fa3:0154 SYSTEM: Chat Log Closed.
12671ecd80a0165aaaaf5adc10bd684d:0155 SYSTEM: -----------------------------------------------
85a60731321818767105638a72666c1a:0000 SYSTEM: -----------------------------------------------
09624869046a4ab5267c48a332a5c73c:0001 SYSTEM: Chat Log initialized.
48e60bba5197b964d8faef902c48e2bb:0002 SYSTEM: File ID = bda942abdadf6e36c4e3bbbab5bd73fe
5e44a9a930edb4b28868e15720024efe:0003 SYSTEM: -----------------------------------------------
6235895c2ff2c935d4a6328d3d425ac2:0004 SYSTEM: Hauser Entered 'Heroes' Server
c0e9f8b74156fe487250748b68b2ed93:0005 (Say) You begin to move faster.
3ad2c3268dd71fca809befed21b59545:0006 (Say) Your increased movement has worn off.
3e865713c659d130b04c5236dc4450a9:0007 (Say) You begin to move faster.
c565a52a1ef87d793ba2040e9f12b376:0008 (Say) You are entering a SAFE zone.
288e1a9c3e8e732f82cbf1ed84780d6b:0009 () You are not listening to: help
9cfac282b21622bc5b186769ed9e587c:0010 (Say) You have been teleported to a location near Krog!
df9dd2e32095629c4f5700adc0666297:0011 (Say) You are entering a NO DROP zone.
df8f2bc00cd6a7327dc9be79fca7b970:0012 (Say) You are leaving a NO DROP zone.
6f173dbb289bccce2c19466fa872174d:0013 (Say) You are leaving a SAFE zone.
88f9d00310fa71c9bf90cd6dc09abe92:0014 (Say) You are entering a NO DROP zone.
87d1ccc01fb35b7481eddebd2a627143:0015 (Say) You are entering a SAFE zone.
7d258ba07059635cdcafc896e89d3bcd:0016 (Say) You are leaving a NO DROP zone.
820c1cb0a340331cb5913caf0f36182c:0017 (Say) You are leaving a SAFE zone.
f06d23aa3067764da472559fac6096a0:0018 (Say) You are entering a NO DROP zone.
debfa11b0911ca0b2325d2f7263031b4:0019 (Say) You are entering a SAFE zone.
64c196de9ed4798b05723cbfa92955fc:0020 (Say) You are entering a SAFE zone.
2a8ac7384179449c5c3546eda7419eec:0021 (Say) You are entering a NO DROP zone.
9a3d48174d1f3313d48a427a1cb04049:0022 (Say) You are entering a SAFE zone.
4be85b11698f72a35756129d92dec0ef:0023 (User) (blibe) Hauser: 0/1
132cf99a298fddaac7f5758a92934bb2:0037 (User) (blibe) Hauser: 0/2
00f8bfb1cded8f63c7b2893ca76a1812:0051 (User) (blibe) Hauser: 0/3
7cee136e684b8f321bade7922b4993f9:0065 (User) (blibe) Hauser: 0/4
1b7861db21633edb11135be85bd3f5f0:0079 (User) (blibe) Hauser: 0/5
c7d2e3cb2de05c76a2709c4b941d69a6:0093 (User) (blibe) Hauser: 0/6
0c6730eee83c385ec4a0c0cb30a0394e:0107 (User) (blibe) Hauser: 0/7
a594f9bc06332403ba0ad93d8ad7d34d:0121 (User) (blibe) Hauser: 0/8
ea45dbfc47bf7e367da7601ee6ec8c11:0135 (User) (blibe) Hauser: 0/9
bbae3915631df9df0919db297b00b1d6:0149 (User) (blibe) Hauser: 0/10
63b7adeb65dc31df726a128772f599c4:0163 (User) (blibe) Hauser: 0/11
0e697b5dfd494d52a3d429541b57336d:0177 (User) (blibe) Hauser: 0/12
e82bb1ff42f3916bcca8bb6f8a97fb58:0191 (User) (blibe) Hauser: 1/1
2be1d4fe0b2cdd85433ea99af8c7f5e4:0205 (User) (blibe) Hauser: 1/2
1ba9fc2d9ba03fd1cf65468d6ec17b76:0219 (User) (blibe) Hauser: 1/3
7e0f28ff31fe3579c7ee75f51dba9d3c:0233 (User) (blibe) Hauser: 1/4
5dd6821b7039172a862fba9f2261db7d:0247 (User) (blibe) Hauser: 1/5
a891dc8407c0df90b0c9dd603712bf37:0261 (User) (blibe) Hauser: 1/6
7f93cd5292345be2bb5b362107d641af:0275 (User) (blibe) Hauser: 1/7
a63a1c5a7edd9ea1c3a95e1cd1d91daf:0289 (User) (blibe) Hauser: 1/8
c6b9c0416849ae3c1ab09e4e3f065816:0303 (User) (blibe) Hauser: 1/9
31e94617fc0c307647eff093282945f0:0317 (User) (blibe) Hauser: 1/10
3e2147dc0fd4ebb3769cfa78f2a2e06c:0331 (User) (blibe) Hauser: 1/11
b0ac84929330a4458cd03e150348534e:0345 (User) (blibe) Hauser: 1/12
485069b2ea4bdc6da165bcc48214fbb5:0359 (User) (blibe) Hauser: 2/1
943c56021b78bb8ac8959fb315f59053:0373 (User) (blibe) Hauser: 2/2
bd902c8873002c0a34459a96e260d3ae:0387 (User) (blibe) Hauser: 2/3
24078cc8258e11ecd66ce1e286e0b18b:0401 (User) (blibe) Hauser: 2/4
cae86ba8555a835412ca424fd4801464:0415 (User) (blibe) Hauser: 2/5
28f3df836f3fcc9a27bb67a0920992da:0429 (User) (blibe) Hauser: 2/6
fc22eaa66790bc661e82f20c8412c11a:0443 (User) (blibe) Hauser: 2/7
5d750dc9611dd081c57aad289fb4f502:0457 (User) (blibe) Hauser: 2/8
19b8a075b16df4b7e937f7e35c3fe867:0471 (User) (blibe) Hauser: 2/9
44d2ad4172bf1ec1b736aaae8dd5f278:0485 (User) (blibe) Hauser: 2/10
7d23c5afc1fe0b43ac4291a45d94db1f:0499 (User) (blibe) Hauser: 2/11
f54cdbf58fec9298fda892d17efb3f10:0513 (User) (blibe) Hauser: 2/12
1a65b1a872424b5c2944b3a837b8a666:0527 (User) (blibe) Hauser: 3/1
452ca69f44fcef37890322a5c18323bf:0541 (User) (blibe) Hauser: 3/2
0a0d915919a4eaba961465bb0317a29c:0555 (User) (blibe) Hauser: 3/3
bcfdb2770b13ba384b7cb62377887669:0569 (User) (blibe) Hauser: 3/4
492bb43bd25901dda7e100557456de29:0583 (User) (blibe) Hauser: 3/5
b55419a9827faf2bec66be5c25061dd1:0597 (User) (blibe) Hauser: 3/6
e287ab26a76f2554cbf1cf87fba34fe7:0611 (User) (blibe) Hauser: 3/7
fe095d96d03a8b97f1a5da721921a81f:0625 (User) (blibe) Hauser: 3/8
8fa71d01cca0e9392af2515a98089dcb:0639 (User) (blibe) Hauser: 3/9
b0e134ef4310d07a7bd3abb363381c2b:0653 (User) (blibe) Hauser: 3/10
289361840db08a80be6ebbe4fae7951f:0667 (User) (blibe) Hauser: 3/11
a17d2ecc21737f27ea964c8ecfa08d45:0681 (User) (blibe) Hauser: 3/12
2aff475468bf3b35b0a0b7f88bad7adf:0695 (User) (blibe) Hauser: 4/1
c984069356a941085c81c6cae46a485f:0709 (User) (blibe) Hauser: 4/2
6dfb0f48b20ffd5420f55e5a47c86f49:0723 (User) (blibe) Hauser: 4/3
feb213c56f9442a87258356c936f9ac5:0737 (User) (blibe) Hauser: 4/4
8b03a17d474a1c832b1d5f3377315501:0751 (User) (blibe) Hauser: 4/5
9de9e58d8eee5ce43ccecfb515576c53:0765 (User) (blibe) Hauser: 4/6
83b22b2c7cadf2060d2b10e0691dbd52:0779 (User) (blibe) Hauser: 4/7
400b65838ce837dc08493efae735ca64:0793 (User) (blibe) Hauser: 4/8
af67378899d951b83819ec35356668a2:0807 (User) (blibe) Hauser: 4/9
469f1f06d10a271255146b93fd1aa992:0821 (User) (blibe) Hauser: 4/10
de1e2574cc7abe939636dccd5ec1ba33:0835 (User) (blibe) Hauser: 4/11
f35a9d5d5faef1c2a6ff89ce89e52feb:0849 (User) (blibe) Hauser: 4/12
838cb5fcb26a3ae85ba292c1b0abfdf4:0863 (User) (blibe) Hauser: 5/1
fb176620bf3d24dc27ec583c7f090d3f:0877 (User) (blibe) Hauser: 5/2
c8a1b2a89e2b7a02d8c0c8d4ae3a80fc:0891 (User) (blibe) Hauser: 5/3
f9240fbc5f7ffb6ace225d187e2ef3e4:0905 (User) (blibe) Hauser: 5/4
98d6b0b1ad5bd20babce3e3539e2c35a:0919 (User) (blibe) Hauser: 5/5
ae198c78d48ebb55985fb8c2164a9a0d:0933 (User) (blibe) Hauser: 5/6
01eb5559521daeab3bfaac2a72071d70:0947 (User) (blibe) Hauser: 5/7
cd55e3f184049c71f5b7a3847856a6b4:0961 (User) (blibe) Hauser: 5/8
fe40becd4349f2e13011a36d3fd58f91:0975 (User) (blibe) Hauser: 5/9
a168a727ab50360cecb97aab25029d21:0989 (User) (blibe) Hauser: 5/10
54b97e8202a053052df6aa119ea97cd0:1003 (User) (blibe) Hauser: 5/11
2e24910cb662369b482c8594570cde0f:1017 (User) (blibe) Hauser: 5/12
4cdc3b5c35888a1ff5df8e8b60933709:1031 (User) (blibe) Hauser: 6/1
fdb82c98c45e37fbec3a316472cee762:1045 (User) (blibe) Hauser: 6/2
9d64fbbbf85d36b371e43c76a83b9307:1059 (User) (blibe) Hauser: 6/3
2b31eb46d15a02b3cf58cce04642e7b5:1073 (User) (blibe) Hauser: 6/4
28d0c7eb69f4b44b93f40a38b95c95c2:1087 (User) (blibe) Hauser: 6/5
a3654f8d2f8e342066cd7f68f57722d4:1101 (User) (blibe) Hauser: 6/6
2494eda5b1d8c1b7e079deee586727c6:1115 (User) (blibe) Hauser: 6/7
7d40f7b3a2f12f769fb27edfdddd5d60:1129 (User) (blibe) Hauser: 6/8
27014273ee8c71a2d9fa850e4b95aac3:1143 (User) (blibe) Hauser: 6/9
45669d7a2238b694d592f12e60521eb3:1157 (User) (blibe) Hauser: 6/10
0f355ea7807f2531c653155e3fc644d7:1171 (User) (blibe) Hauser: 6/11
56d5c3d539bb2811f9b43cabc01380dd:1185 (User) (blibe) Hauser: 6/12
c7a8d83e0df0c330e19d3137c1d3e400:1199 (User) (blibe) Hauser: 7/1
ecf274c3febe2296ce0b2e1f8421b75a:1213 (User) (blibe) Hauser: 7/2
4741d84eaf7b64e280416db555b8e16a:1227 (User) (blibe) Hauser: 7/3
849df40c454acf4c6e0678c8d418d9da:1231 (Say) Adelard: I must speak with thee!
221b172327df80c1d1254cc64188daf2:1236 (Say) Guild [       Shocker   Squad       ]:
8d00f043eeea82e22f840b1a6d9f1882:1237 (Say)  I Dont Buff
3d5bc7d7fd2bfa8d0a4ae19b4e737805:1243 (User) (blibe) Hauser: 7/4
98e1950a0ad8d1d40a190771bb046f9a:1257 (User) (blibe) Hauser: 7/5
b31873c239a4de4e5d0e18b6cf711f49:1268 (Say) Adelard: I must speak with thee!
5b37cfb79cbf9aaf727980dfe23eb238:1272 (User) (blibe) Hauser: 7/6
5a41e81d151e8390f9e792f4fe3db442:1286 (User) (blibe) Hauser: 7/7
e7a1c7d48bf3a2bd43462e21f639cd47:1300 (User) (blibe) Hauser: 7/8
aae80fd55f37640d36f2a84b47b6f1a4:1305 (Say) Adelard: Can we talk?
492d7c506b314b4513617693f8d941a0:1315 (User) (blibe) Hauser: 7/9
8a483d518e128ad74d663bd536a4cc6f:1329 (User) (blibe) Hauser: 7/10
e7635c3242d2525e6fc56e2a307469f5:1342 (Say) Adelard: Hey!
9b26dc9f87585dfb27d18f5f1b4e245e:1344 (User) (blibe) Hauser: 7/11
be90d343a75cc0066a7e47161b2e05cf:1358 (User) (blibe) Hauser: 7/12
3a23fda7e424fadbe46bf279865d69a4:1372 (User) (blibe) Hauser: 8/1
226b405653381ccb07fc3c34f53d472e:1379 (Say) Adelard: Hey!
ff00fab0b4450088a5da3c7b76c7461b:1387 (User) (blibe) Hauser: 8/2
cc7ebfce35be6e1fd41901d0a7f7daab:1401 (User) (blibe) Hauser: 8/3
24dd83bc275a6481ff04d5d06b50816e:1415 (Say) Adelard: Pardon.
95f7b5e9ac801b79cee7bd35a0ac368f:1416 (User) (blibe) Hauser: 8/4
c28be73de6dca17e23906aafe29610d0:1430 (User) (blibe) Hauser: 8/5
897264c5128efab3be36d51ea154ef2f:1444 (User) (blibe) Hauser: 8/6
d3a02ab85f5eb2e2e56f50e5a6f02266:1452 (Say) Adelard: I need thy help.
e434e8161085f52225b722c2ca5210d8:1459 (User) (blibe) Hauser: 8/7
5527d8384bdce09cbcc5c382ec9a9a92:1473 (User) (blibe) Hauser: 8/8
9524eb3e13a54ab3220b14fcf8a7a5e3:1487 (User) (blibe) Hauser: 8/9
b95fca2971f098e7863a40fe6d7335ad:1489 (Say) Adelard: Excuse me.
b6e9d9a178749c6dfd41a4c0cb1e1e2f:1502 (User) (blibe) Hauser: 8/10
f80ae8f0323ee5bbd09fc96a5ba1b47d:1516 (User) (blibe) Hauser: 8/11
26a9f662bcb729b7b5618cc9609fe71e:1525 (Say) Adelard: Help me, please!
8d68a15bc17bd01ae7113590230c8a2a:1531 (User) (blibe) Hauser: 8/12
52ca04a6fd8d1989e25d71a3d4d2d5b2:1545 (User) (blibe) Hauser: 9/1
ceb772fa63b4a791007e0963cae5180e:1559 (User) (blibe) Hauser: 9/2
9c048e124385e5096a0faa73de6460df:1562 (Say) Adelard: Help me, please!
c5ac378c5222f1703930846a0a1ae813:1574 (User) (blibe) Hauser: 9/3
b04cc0bc6bf5943707a3ef09f82a414c:1588 (User) (blibe) Hauser: 9/4
1203711aa39b5f6b7a708bdac66d455e:1599 (Say) Adelard: Sorry to bother you, but.
4f19dc3accf9654f0973d825e182c896:1603 (User) (blibe) Hauser: 9/5
8efa68810acc0e703c86991c85a9b336:1617 (User) (blibe) Hauser: 9/6
3b1f2fbaa0a6b3a62ae5642f873f220a:1631 (User) (blibe) Hauser: 9/7
3b1d89e938d6a07752cace24d8174f7d:1636 (Say) Adelard: Come here!
db2239fc763b55106d6abbfd02bf74f9:1646 (User) (blibe) Hauser: 9/8
031e66e826d4b4f4918b679162917635:1660 (User) (blibe) Hauser: 9/9
faffbe30c9e16442bc0b1dc9f9505348:1672 (Say) Adelard: Excuse me.
e3c64681a627dd2485d1241540bae2dd:1675 (User) (blibe) Hauser: 9/10
436d4ad0fd0356a4a49516260247ae6a:1689 (User) (blibe) Hauser: 9/11
0ce88cff614fe51afba9ada33d0355a4:1703 (User) (blibe) Hauser: 9/12
f60f0b298d7e25eeafdf04f11506d360:1709 (Say) Adelard: Hey!
088b095efeeaf75d58dcb0faedce83b5:1718 (User) (blibe) Hauser: 10/1
02d26272888b66ac47665cf6dca4fc6c:1732 (User) (blibe) Hauser: 10/2
71604eadf7a8a4ddafd3dada8ce73b26:1745 (Say) Adelard: Canst thou spare a moment?
97aab8881cb355036645d1a09b78606d:1747 (User) (blibe) Hauser: 10/3
3b3ead392713a42a1f9e7197983dc3a0:1761 (User) (blibe) Hauser: 10/4
71883c1de46adc1651bf07e6f057cb34:1775 (User) (blibe) Hauser: 10/5
2940b0a632a8a03316863186c004e916:1782 (Say) Adelard: Help me, please!
aacc318bf2354a2b4f23991c944ebc7a:1790 (User) (blibe) Hauser: 10/6
2410f8a3511de24b48db01ee4cf8db93:1804 (User) (blibe) Hauser: 10/7
35de4c15bf7613f9547d60b7fb947e44:1818 (User) (blibe) Hauser: 10/8
355c1e07b8d99466b6b4973cb4397948:1819 (Say) Adelard: Come here!
ec2a896e64c34a3a9b552675c1b67f04:1833 (User) (blibe) Hauser: 10/9
96555df70559107f4a9f3cfdf38f6180:1847 (User) (blibe) Hauser: 10/10
7ee2d86c5d5001201de9ebf1a105411a:1856 (Say) Adelard: Help me, please!
410aa0cbe9c57926aca2ba0f9bcf742f:1862 (User) (blibe) Hauser: 10/11
db298679c49682326338e5ff6068f8ce:1876 (User) (blibe) Hauser: 10/12
0a6ad41c467f8f43fff13c5a07ca0b7c:1890 (Say) Adelard: Would you help me?
8f60a1cbce7d8bcf36495f66c598ef6c:1891 (Say) Adelard: Sorry to bother you, but.
1a0afe0da8a4ec1e34c2bcc3fea50c35:1892 (Say) Adelard: Can we talk?
e25994ac81153121574800842bdccf65:1893 (Say) Adelard: Can we talk?
4b3832c09cee6226d71fe7814d711cf6:1894 (Say) Adelard: Hey! Over here!
a018521f012570c14be06c51e10c84ff:1895 (Say) Adelard: Canst thou spare a moment?
b23eb5d931f572e0bfeb27cc16c5be46:1896 (Say) Adelard: Pardon.
c2a7241084cb53255130b39f245c3602:1897 (Say) Adelard: Excuse me.
01d3aaf2d7c331e639a44785b831b827:1898 (Say) Adelard: Would you help me?
be1fc801b3d830d37cf066af32962aea:1899 (Say) Adelard: I must speak with thee!
50fc1eb41eb77015e4ef80c322f105c1:1900 (Say) Adelard: Pardon.
1d0dbb4cd8786a6e41674ad419f2709e:1901 (Say) Adelard: I must speak with thee!
a87d6e961bbd5ff5a5a27f39afb8dfc0:1902 (Say) Adelard: Hey, over here!
4c7413d2837e72cc447732c80e42a1a1:1903 (Say) Adelard: Sorry to bother you, but.
83f45ca28332bf479801a2c94a31e472:1904 (Say) Adelard: I must speak with thee!
383e30e82b4db3f289195d882e58b204:1905 (Say) Adelard: Pardon.
2646dc607e083c91e7346d55b3226ece:1906 (Say) Adelard: Canst thou spare a moment?
60f7a7b7ba63f0d4db5d71bd2ba24d22:1907 (Say) Adelard: Sorry to bother you, but.
a6fbdb1bcc4e618de015913d1d77a936:1908 (Say) Adelard: Sorry to bother you, but.
cd3dceb1575c17965a50211e5edcfcc0:1909 (Say) Adelard: Excuse me.
073ac47431f0c6048371d6b7b1ce4e08:1910 (Say) Adelard: I must speak with thee!
66a0d0924a52ae5c1f65d646cfca2254:1911 (Say) Adelard: Sorry to bother you, but.
2bdd5ed79b551c39695f7caf355bf10f:1912 (Say) Adelard: I need thy help.
706cda166919fea2179754cb823532a0:1913 (Say) Adelard: Canst thou spare a moment?
46014cd6b55e572e7a91eadf7ce5bf48:1914 (Say) Adelard: Would you help me?
0678a9efc86b081c47e487932d54afaf:1915 (Say) Adelard: Hey, buddy!
8ef4bd18ba43cc50661a19987548dfd9:1916 (Say) Adelard: Sorry to bother you, but.
28481649468ac39b53c4930d9e834b1e:1917 (Say) Adelard: Excuse me.
644046a4ffcc63da4d816cc22abd0f1f:1918 (Say) Adelard: Sorry to bother you, but.
911f06b12a1c15a32856c784bbe778f2:1919 (Say) Adelard: Come here!
6b053716addb4c58ba84b3649b7bded6:1920 (Say) Adelard: Help!
1a332f6c52fb4973838b0ce127b1b311:1921 (Say) Adelard: Hey! Over here!
4bcd3d07ef9915d9cda4714825cbbd99:1922 (Say) Adelard: Help me!
af5dc2c9abf6a3e0f317cf97e241c8f5:1923 (Say) Adelard: Pardon.
260771c6c2da9c7938511150fee6fb9c:1924 (Say) Adelard: Hey!
f24e057d61b462ddc92a75d578620535:1925 (Say) Adelard: Come here!
fba1d39c1d02ed5469ed24b8a0b1c490:1926 (Say) Adelard: Would you help me?
fa41aa46fc21550938d5831b663ba5c8:1927 (Say) Adelard: Would you help me?
c622b64aa4a44926a35973c3294c0052:1928 (Say) Adelard: Pardon.
84794341afa71a0105b8160abce801e1:1929 (Say) Adelard: I must speak with thee!
bbce3fb5c1a80690c11baab5e418577e:1930 (Say) Adelard: Help me, please!
a465fe67f32b4ca6670de89261cccd46:1931 (Say) Wulok: Sorry to bother you, but.
97f4041bc87d9b30953cc86dc02d9c5c:1932 (Say) Wulok: Help me, please!
f66461f16930e148334dbdd40dcc9083:1933 (Say) Wulok: Hey, over here!
d67aa2ea72c31afa3fe356144a11a50a:1934 (Say) Wulok: I need thy help.
38e40c35344b2f7a53d3aa109481a22e:1935 (Say) Wulok: Pardon.
331316a07500bf133d91d199fb30453e:1936 (Say) Wulok: Come here!
f49b94c7105025d303159b8e4242f4e6:1937 (Say) Wulok: Would you help me?
b56e8ed8ef6380af84c8463f1aea2864:1938 (Say) Wulok: Would you help me?
f32883f7cdfdaebafb1a3b59657ac920:1939 (Say) Wulok: Pardon.
5ec9329123c69bba03f457346d911823:1940 (Say) Wulok: I need thy help.
6d0c3d68accfc13fed67486076967606:1941 (Say) Wulok: Hey!
8a9d50ca8881fa30d77fefee3edfec83:1942 (Say) Wulok: I must speak with thee!
cb28349b8c2a87dd90e394a73f2ce1fe:1943 (Say) Wulok: Sorry to bother you, but.
46d900f0e196937ca6f00ccf19ce3899:1944 (Say) Wulok: Can we talk?
01cdad4d42db48dbd52a7f9df1a87e6a:1945 (Say) Wulok: Can we talk?
51f5c394c465c1b4b01d50b3331f78eb:1946 (Say) Wulok: I must speak with thee!
c752c178e362136715a429b3aaa70bd8:1947 (Say) Wulok: Pardon.
2bb3e53662c30e60edacce6fdac8842b:1948 (Say) Wulok: Hey! Over here!
72f5c2978071c5404de844e58e7bf890:1949 (Say) Wulok: Hey!
49c021bdc31d8aa35ca8312d8ce7c369:1950 (Say) Wulok: Would you help me?
